GNU gdb (Ubuntu 12.1-3ubuntu2) 12.1
Copyright (C) 2022 Free Software Foundation, Inc.
License GPLv3+: GNU GPL version 3 or later <http://gnu.org/licenses/gpl.html>
This is free software: you are free to change and redistribute it.
There is NO WARRANTY, to the extent permitted by law.
Type "show copying" and "show warranty" for details.
This GDB was configured as "x86_64-linux-gnu".
Type "show configuration" for configuration details.
For bug reporting instructions, please see:
<https://www.gnu.org/software/gdb/bugs/>.
Find the GDB manual and other documentation resources online at:
    <http://www.gnu.org/software/gdb/documentation/>.

For help, type "help".
Type "apropos word" to search for commands related to "word".

Stack backtrace
---------------
>>>>>>>>>>>>>>>>>>>>>>>>>>>>>>>>>>>>>>>>>>>>>>>>>>>>>>>>>>>>>>>>>>>


Cython backtrace
----------------

ptrace: No such process.
No stack.
Install pygments for colorized source code.
Traceback (most recent call last):
  File "<string>", line 136, in <module>
  File "<string>", line 111, in invoke
  File "<string>", line 114, in newest_first_order
gdb.error: No registers.
warning: Inferior ID 1 is not running.
